<?xml version="1.0" encoding="UTF-8"?>
<!-- Generated by org.testng.reporters.JUnitReportReporter -->
<testsuite skipped="0" hostname="user-01PC" name="Test.FlightBookingTest" tests="1" failures="0" timestamp="16 Oct 2019 09:07:57 GMT" time="2.760" errors="0">
  <testcase name="testThatResultsAppearForAOneWayJourney" time="2.760" classname="Test.FlightBookingTest"/>
</testsuite> <!-- Test.FlightBookingTest -->
