<?xml version="1.0" encoding="UTF-8"?>
<!-- Generated by org.testng.reporters.JUnitReportReporter -->
<testsuite skipped="0" hostname="user-01PC" name="Test.TestClear" tests="1" failures="0" timestamp="16 Oct 2019 05:02:45 GMT" time="3.947" errors="0">
  <testcase name="testWithoutLoginErrorMessage" time="3.947" classname="Test.TestClear"/>
</testsuite> <!-- Test.TestClear -->
