<?xml version="1.0" encoding="UTF-8"?>
<!-- Generated by org.testng.reporters.JUnitReportReporter -->
<testsuite skipped="0" hostname="user-01PC" name="Test.FlightBookingTest" tests="1" failures="0" timestamp="16 Oct 2019 07:52:20 GMT" time="3.936" errors="0">
  <testcase name="testThatResultsAppearForAOneWayJourney" time="3.936" classname="Test.FlightBookingTest"/>
</testsuite> <!-- Test.FlightBookingTest -->
